[INFO]
warning = This file is rewritten every time a subroutine is used and shows usage of each one
	columns are : source, total usage, last time used and order of preference
	Delete this file to reset or edit rank in descending order

[VAR]
quick_access = 
	mill/SHCS_slot2.cfg	4	1490223817.58	0
	mill/SHCS.cfg	4	1490226740.16	3
	mill/slot-2.cfg	3	1490219474.96	0
	mill/tool-change.cfg	4	1490226059.86	20
	mill/ellipse.cfg	2	1490220979.43	0
	mill/slot-arc.cfg	3	1490220847.25	15
	group-off.cfg	4	1490223885.47	0
	mill/surf_finish.cfg	2	1490220996.89	0
	mill/drill-single.cfg	3	1490223852.6	7
	gcode.cfg	2	1490211261.09	0
	mill/rectangle.cfg	4	1490221419.48	17
	mill/SHCS_slot.cfg	8	1490227011.98	2
	mill/SHCS_slot-arc.cfg	3	1490223821.54	0
	mill/polygon.cfg	9	1490220991.5	0
	mill/polyline-mirror-i.cfg	4	1490224131.96	0
	mill/drill-array.cfg	3	1490223855.43	6
	mill/drill-circle-irr.cfg	3	1490223862.31	4
	mill/probe-stock.cfg	3	1490223898.54	0
	mill/circle.cfg	3	1490221417.13	18
	i_gcode.cfg	1	1490211257.48	0
	mill/polyline-arc-top.cfg	5	1490224109.67	0
	mill/polyline-repeat.cfg	4	1490224128.7	0
	change-units.cfg	1	1490211251.42	0
	rectangular-array.cfg	3	1490223877.34	10
	mill/thread-milling.cfg	5	1490223830.91	0
	group.cfg	2	1490212189.24	12
	mill/circle-2.cfg	2	1490219463.5	0
	comment.cfg	1	1490211238.2	0
	mill/polyline-polar.cfg	4	1490224087.1	0
	mill/polyline-arc-m.cfg	4	1490224117.55	0
	mill/probe-edge.cfg	3	1490223902.63	0
	mill/material.cfg	4	1490227067.34	1
	mill/slot.cfg	8	1490227009.86	16
	circular-array.cfg	3	1490223881.2	11
	mill/polyline-mirror-p.cfg	3	1490223700.52	0
	mill/drill-circle.cfg	3	1490223858.88	5
	mill/polyline.cfg	6	1490224075.04	0
	mill/polyline-to.cfg	5	1490224082.81	0
	mill/polyline-arc-polar.cfg	5	1490224095.44	0
	mill/polyline-arc-to.cfg	5	1490224102.99	0
	mill/probe-array.cfg	3	1490223895.57	0
	mill/polyline-arc-ij.cfg	4	1490224091.46	0

